Internal Server Error: /admin/CRM/event/97/change/
Traceback (most recent call last):
  File "/home/olrio/Open Classrooms/Projets_DAP/P12_RIO_Olivier/P12/env/lib/python3.10/site-packages/django/contrib/admin/options.py", line 807, in get_form
    return modelform_factory(self.model, **defaults)
  File "/home/olrio/Open Classrooms/Projets_DAP/P12_RIO_Olivier/P12/env/lib/python3.10/site-packages/django/forms/models.py", line 648, in modelform_factory
    return type(form)(class_name, (form,), form_class_attrs)
  File "/home/olrio/Open Classrooms/Projets_DAP/P12_RIO_Olivier/P12/env/lib/python3.10/site-packages/django/forms/models.py", line 327, in __new__
    raise FieldError(message)
django.core.exceptions.FieldError: Unknown field(s) (nam) specified for Event

During handling of the above exception, another exception occurred:

Traceback (most recent call last):
  File "/home/olrio/Open Classrooms/Projets_DAP/P12_RIO_Olivier/P12/env/lib/python3.10/site-packages/django/core/handlers/exception.py", line 55, in inner
    response = get_response(request)
  File "/home/olrio/Open Classrooms/Projets_DAP/P12_RIO_Olivier/P12/env/lib/python3.10/site-packages/django/core/handlers/base.py", line 197, in _get_response
    response = wrapped_callback(request, *callback_args, **callback_kwargs)
  File "/home/olrio/Open Classrooms/Projets_DAP/P12_RIO_Olivier/P12/env/lib/python3.10/site-packages/django/contrib/admin/options.py", line 686, in wrapper
    return self.admin_site.admin_view(view)(*args, **kwargs)
  File "/home/olrio/Open Classrooms/Projets_DAP/P12_RIO_Olivier/P12/env/lib/python3.10/site-packages/django/utils/decorators.py", line 133, in _wrapped_view
    response = view_func(request, *args, **kwargs)
  File "/home/olrio/Open Classrooms/Projets_DAP/P12_RIO_Olivier/P12/env/lib/python3.10/site-packages/django/views/decorators/cache.py", line 62, in _wrapped_view_func
    response = view_func(request, *args, **kwargs)
  File "/home/olrio/Open Classrooms/Projets_DAP/P12_RIO_Olivier/P12/env/lib/python3.10/site-packages/django/contrib/admin/sites.py", line 242, in inner
    return view(request, *args, **kwargs)
  File "/home/olrio/Open Classrooms/Projets_DAP/P12_RIO_Olivier/P12/env/lib/python3.10/site-packages/django/contrib/admin/options.py", line 1893, in change_view
    return self.changeform_view(request, object_id, form_url, extra_context)
  File "/home/olrio/Open Classrooms/Projets_DAP/P12_RIO_Olivier/P12/env/lib/python3.10/site-packages/django/utils/decorators.py", line 46, in _wrapper
    return bound_method(*args, **kwargs)
  File "/home/olrio/Open Classrooms/Projets_DAP/P12_RIO_Olivier/P12/env/lib/python3.10/site-packages/django/utils/decorators.py", line 133, in _wrapped_view
    response = view_func(request, *args, **kwargs)
  File "/home/olrio/Open Classrooms/Projets_DAP/P12_RIO_Olivier/P12/env/lib/python3.10/site-packages/django/contrib/admin/options.py", line 1750, in changeform_view
    return self._changeform_view(request, object_id, form_url, extra_context)
  File "/home/olrio/Open Classrooms/Projets_DAP/P12_RIO_Olivier/P12/env/lib/python3.10/site-packages/django/contrib/admin/options.py", line 1786, in _changeform_view
    ModelForm = self.get_form(
  File "/home/olrio/Open Classrooms/Projets_DAP/P12_RIO_Olivier/P12/EpicEvent/authentication/admin.py", line 380, in get_form
    return super(EventAdmin, self).get_form(request, **kwargs)
  File "/home/olrio/Open Classrooms/Projets_DAP/P12_RIO_Olivier/P12/env/lib/python3.10/site-packages/django/contrib/admin/options.py", line 809, in get_form
    raise FieldError(
django.core.exceptions.FieldError: Unknown field(s) (nam) specified for Event. Check fields/fieldsets/exclude attributes of class EventAdmin.
"GET /admin/CRM/event/97/change/ HTTP/1.1" 500 143822
Internal Server Error: /admin/CRM/event/97/change/
Traceback (most recent call last):
  File "/home/olrio/Open Classrooms/Projets_DAP/P12_RIO_Olivier/P12/env/lib/python3.10/site-packages/django/contrib/admin/options.py", line 807, in get_form
    return modelform_factory(self.model, **defaults)
  File "/home/olrio/Open Classrooms/Projets_DAP/P12_RIO_Olivier/P12/env/lib/python3.10/site-packages/django/forms/models.py", line 648, in modelform_factory
    return type(form)(class_name, (form,), form_class_attrs)
  File "/home/olrio/Open Classrooms/Projets_DAP/P12_RIO_Olivier/P12/env/lib/python3.10/site-packages/django/forms/models.py", line 327, in __new__
    raise FieldError(message)
django.core.exceptions.FieldError: Unknown field(s) (nam) specified for Event

During handling of the above exception, another exception occurred:

Traceback (most recent call last):
  File "/home/olrio/Open Classrooms/Projets_DAP/P12_RIO_Olivier/P12/env/lib/python3.10/site-packages/django/core/handlers/exception.py", line 55, in inner
    response = get_response(request)
  File "/home/olrio/Open Classrooms/Projets_DAP/P12_RIO_Olivier/P12/env/lib/python3.10/site-packages/django/core/handlers/base.py", line 197, in _get_response
    response = wrapped_callback(request, *callback_args, **callback_kwargs)
  File "/home/olrio/Open Classrooms/Projets_DAP/P12_RIO_Olivier/P12/env/lib/python3.10/site-packages/django/contrib/admin/options.py", line 686, in wrapper
    return self.admin_site.admin_view(view)(*args, **kwargs)
  File "/home/olrio/Open Classrooms/Projets_DAP/P12_RIO_Olivier/P12/env/lib/python3.10/site-packages/django/utils/decorators.py", line 133, in _wrapped_view
    response = view_func(request, *args, **kwargs)
  File "/home/olrio/Open Classrooms/Projets_DAP/P12_RIO_Olivier/P12/env/lib/python3.10/site-packages/django/views/decorators/cache.py", line 62, in _wrapped_view_func
    response = view_func(request, *args, **kwargs)
  File "/home/olrio/Open Classrooms/Projets_DAP/P12_RIO_Olivier/P12/env/lib/python3.10/site-packages/django/contrib/admin/sites.py", line 242, in inner
    return view(request, *args, **kwargs)
  File "/home/olrio/Open Classrooms/Projets_DAP/P12_RIO_Olivier/P12/env/lib/python3.10/site-packages/django/contrib/admin/options.py", line 1893, in change_view
    return self.changeform_view(request, object_id, form_url, extra_context)
  File "/home/olrio/Open Classrooms/Projets_DAP/P12_RIO_Olivier/P12/env/lib/python3.10/site-packages/django/utils/decorators.py", line 46, in _wrapper
    return bound_method(*args, **kwargs)
  File "/home/olrio/Open Classrooms/Projets_DAP/P12_RIO_Olivier/P12/env/lib/python3.10/site-packages/django/utils/decorators.py", line 133, in _wrapped_view
    response = view_func(request, *args, **kwargs)
  File "/home/olrio/Open Classrooms/Projets_DAP/P12_RIO_Olivier/P12/env/lib/python3.10/site-packages/django/contrib/admin/options.py", line 1750, in changeform_view
    return self._changeform_view(request, object_id, form_url, extra_context)
  File "/home/olrio/Open Classrooms/Projets_DAP/P12_RIO_Olivier/P12/env/lib/python3.10/site-packages/django/contrib/admin/options.py", line 1786, in _changeform_view
    ModelForm = self.get_form(
  File "/home/olrio/Open Classrooms/Projets_DAP/P12_RIO_Olivier/P12/EpicEvent/authentication/admin.py", line 380, in get_form
    return super(EventAdmin, self).get_form(request, **kwargs)
  File "/home/olrio/Open Classrooms/Projets_DAP/P12_RIO_Olivier/P12/env/lib/python3.10/site-packages/django/contrib/admin/options.py", line 809, in get_form
    raise FieldError(
django.core.exceptions.FieldError: Unknown field(s) (nam) specified for Event. Check fields/fieldsets/exclude attributes of class EventAdmin.
"GET /admin/CRM/event/97/change/ HTTP/1.1" 500 145
Invalid HTTP_HOST header: '127.0.0.1:8000'. You may need to add '127.0.0.1' to ALLOWED_HOSTS.
Traceback (most recent call last):
  File "/home/olrio/Open Classrooms/Projets_DAP/P12_RIO_Olivier/P12/env/lib/python3.10/site-packages/django/core/handlers/exception.py", line 55, in inner
    response = get_response(request)
  File "/home/olrio/Open Classrooms/Projets_DAP/P12_RIO_Olivier/P12/env/lib/python3.10/site-packages/django/utils/deprecation.py", line 135, in __call__
    response = self.process_request(request)
  File "/home/olrio/Open Classrooms/Projets_DAP/P12_RIO_Olivier/P12/env/lib/python3.10/site-packages/django/middleware/common.py", line 48, in process_request
    host = request.get_host()
  File "/home/olrio/Open Classrooms/Projets_DAP/P12_RIO_Olivier/P12/env/lib/python3.10/site-packages/django/http/request.py", line 148, in get_host
    raise DisallowedHost(msg)
django.core.exceptions.DisallowedHost: Invalid HTTP_HOST header: '127.0.0.1:8000'. You may need to add '127.0.0.1' to ALLOWED_HOSTS.
Invalid HTTP_HOST header: '127.0.0.1:8000'. You may need to add '127.0.0.1' to ALLOWED_HOSTS.
Traceback (most recent call last):
  File "/home/olrio/Open Classrooms/Projets_DAP/P12_RIO_Olivier/P12/env/lib/python3.10/site-packages/django/core/handlers/exception.py", line 55, in inner
    response = get_response(request)
  File "/home/olrio/Open Classrooms/Projets_DAP/P12_RIO_Olivier/P12/env/lib/python3.10/site-packages/django/utils/deprecation.py", line 135, in __call__
    response = self.process_request(request)
  File "/home/olrio/Open Classrooms/Projets_DAP/P12_RIO_Olivier/P12/env/lib/python3.10/site-packages/django/middleware/common.py", line 48, in process_request
    host = request.get_host()
  File "/home/olrio/Open Classrooms/Projets_DAP/P12_RIO_Olivier/P12/env/lib/python3.10/site-packages/django/http/request.py", line 148, in get_host
    raise DisallowedHost(msg)
django.core.exceptions.DisallowedHost: Invalid HTTP_HOST header: '127.0.0.1:8000'. You may need to add '127.0.0.1' to ALLOWED_HOSTS.
Invalid HTTP_HOST header: '127.0.0.1:8000'. You may need to add '127.0.0.1' to ALLOWED_HOSTS.
Traceback (most recent call last):
  File "/home/olrio/Open Classrooms/Projets_DAP/P12_RIO_Olivier/P12/env/lib/python3.10/site-packages/django/core/handlers/exception.py", line 55, in inner
    response = get_response(request)
  File "/home/olrio/Open Classrooms/Projets_DAP/P12_RIO_Olivier/P12/env/lib/python3.10/site-packages/django/utils/deprecation.py", line 135, in __call__
    response = self.process_request(request)
  File "/home/olrio/Open Classrooms/Projets_DAP/P12_RIO_Olivier/P12/env/lib/python3.10/site-packages/django/middleware/common.py", line 48, in process_request
    host = request.get_host()
  File "/home/olrio/Open Classrooms/Projets_DAP/P12_RIO_Olivier/P12/env/lib/python3.10/site-packages/django/http/request.py", line 148, in get_host
    raise DisallowedHost(msg)
django.core.exceptions.DisallowedHost: Invalid HTTP_HOST header: '127.0.0.1:8000'. You may need to add '127.0.0.1' to ALLOWED_HOSTS.
Invalid HTTP_HOST header: '127.0.0.1:8000'. You may need to add '127.0.0.1' to ALLOWED_HOSTS.
Traceback (most recent call last):
  File "/home/olrio/Open Classrooms/Projets_DAP/P12_RIO_Olivier/P12/env/lib/python3.10/site-packages/django/core/handlers/exception.py", line 55, in inner
    response = get_response(request)
  File "/home/olrio/Open Classrooms/Projets_DAP/P12_RIO_Olivier/P12/env/lib/python3.10/site-packages/django/utils/deprecation.py", line 135, in __call__
    response = self.process_request(request)
  File "/home/olrio/Open Classrooms/Projets_DAP/P12_RIO_Olivier/P12/env/lib/python3.10/site-packages/django/middleware/common.py", line 48, in process_request
    host = request.get_host()
  File "/home/olrio/Open Classrooms/Projets_DAP/P12_RIO_Olivier/P12/env/lib/python3.10/site-packages/django/http/request.py", line 148, in get_host
    raise DisallowedHost(msg)
django.core.exceptions.DisallowedHost: Invalid HTTP_HOST header: '127.0.0.1:8000'. You may need to add '127.0.0.1' to ALLOWED_HOSTS.
Invalid HTTP_HOST header: '127.0.0.1:8000'. You may need to add '127.0.0.1' to ALLOWED_HOSTS.
Traceback (most recent call last):
  File "/home/olrio/Open Classrooms/Projets_DAP/P12_RIO_Olivier/P12/env/lib/python3.10/site-packages/django/core/handlers/exception.py", line 55, in inner
    response = get_response(request)
  File "/home/olrio/Open Classrooms/Projets_DAP/P12_RIO_Olivier/P12/env/lib/python3.10/site-packages/django/utils/deprecation.py", line 135, in __call__
    response = self.process_request(request)
  File "/home/olrio/Open Classrooms/Projets_DAP/P12_RIO_Olivier/P12/env/lib/python3.10/site-packages/django/middleware/common.py", line 48, in process_request
    host = request.get_host()
  File "/home/olrio/Open Classrooms/Projets_DAP/P12_RIO_Olivier/P12/env/lib/python3.10/site-packages/django/http/request.py", line 148, in get_host
    raise DisallowedHost(msg)
django.core.exceptions.DisallowedHost: Invalid HTTP_HOST header: '127.0.0.1:8000'. You may need to add '127.0.0.1' to ALLOWED_HOSTS.
Invalid HTTP_HOST header: '127.0.0.1:8000'. You may need to add '127.0.0.1' to ALLOWED_HOSTS.
Traceback (most recent call last):
  File "/home/olrio/Open Classrooms/Projets_DAP/P12_RIO_Olivier/P12/env/lib/python3.10/site-packages/django/core/handlers/exception.py", line 55, in inner
    response = get_response(request)
  File "/home/olrio/Open Classrooms/Projets_DAP/P12_RIO_Olivier/P12/env/lib/python3.10/site-packages/django/utils/deprecation.py", line 135, in __call__
    response = self.process_request(request)
  File "/home/olrio/Open Classrooms/Projets_DAP/P12_RIO_Olivier/P12/env/lib/python3.10/site-packages/django/middleware/common.py", line 48, in process_request
    host = request.get_host()
  File "/home/olrio/Open Classrooms/Projets_DAP/P12_RIO_Olivier/P12/env/lib/python3.10/site-packages/django/http/request.py", line 148, in get_host
    raise DisallowedHost(msg)
django.core.exceptions.DisallowedHost: Invalid HTTP_HOST header: '127.0.0.1:8000'. You may need to add '127.0.0.1' to ALLOWED_HOSTS.
Invalid HTTP_HOST header: '127.0.0.1:8000'. You may need to add '127.0.0.1' to ALLOWED_HOSTS.
Traceback (most recent call last):
  File "/home/olrio/Open Classrooms/Projets_DAP/P12_RIO_Olivier/P12/env/lib/python3.10/site-packages/django/core/handlers/exception.py", line 55, in inner
    response = get_response(request)
  File "/home/olrio/Open Classrooms/Projets_DAP/P12_RIO_Olivier/P12/env/lib/python3.10/site-packages/django/utils/deprecation.py", line 135, in __call__
    response = self.process_request(request)
  File "/home/olrio/Open Classrooms/Projets_DAP/P12_RIO_Olivier/P12/env/lib/python3.10/site-packages/django/middleware/common.py", line 48, in process_request
    host = request.get_host()
  File "/home/olrio/Open Classrooms/Projets_DAP/P12_RIO_Olivier/P12/env/lib/python3.10/site-packages/django/http/request.py", line 148, in get_host
    raise DisallowedHost(msg)
django.core.exceptions.DisallowedHost: Invalid HTTP_HOST header: '127.0.0.1:8000'. You may need to add '127.0.0.1' to ALLOWED_HOSTS.
Invalid HTTP_HOST header: '127.0.0.1:8000'. You may need to add '127.0.0.1' to ALLOWED_HOSTS.
Traceback (most recent call last):
  File "/home/olrio/Open Classrooms/Projets_DAP/P12_RIO_Olivier/P12/env/lib/python3.10/site-packages/django/core/handlers/exception.py", line 55, in inner
    response = get_response(request)
  File "/home/olrio/Open Classrooms/Projets_DAP/P12_RIO_Olivier/P12/env/lib/python3.10/site-packages/django/utils/deprecation.py", line 135, in __call__
    response = self.process_request(request)
  File "/home/olrio/Open Classrooms/Projets_DAP/P12_RIO_Olivier/P12/env/lib/python3.10/site-packages/django/middleware/common.py", line 48, in process_request
    host = request.get_host()
  File "/home/olrio/Open Classrooms/Projets_DAP/P12_RIO_Olivier/P12/env/lib/python3.10/site-packages/django/http/request.py", line 148, in get_host
    raise DisallowedHost(msg)
django.core.exceptions.DisallowedHost: Invalid HTTP_HOST header: '127.0.0.1:8000'. You may need to add '127.0.0.1' to ALLOWED_HOSTS.
Invalid HTTP_HOST header: '127.0.0.1:8000'. You may need to add '127.0.0.1' to ALLOWED_HOSTS.
Traceback (most recent call last):
  File "/home/olrio/Open Classrooms/Projets_DAP/P12_RIO_Olivier/P12/env/lib/python3.10/site-packages/django/core/handlers/exception.py", line 55, in inner
    response = get_response(request)
  File "/home/olrio/Open Classrooms/Projets_DAP/P12_RIO_Olivier/P12/env/lib/python3.10/site-packages/django/utils/deprecation.py", line 135, in __call__
    response = self.process_request(request)
  File "/home/olrio/Open Classrooms/Projets_DAP/P12_RIO_Olivier/P12/env/lib/python3.10/site-packages/django/middleware/common.py", line 48, in process_request
    host = request.get_host()
  File "/home/olrio/Open Classrooms/Projets_DAP/P12_RIO_Olivier/P12/env/lib/python3.10/site-packages/django/http/request.py", line 148, in get_host
    raise DisallowedHost(msg)
django.core.exceptions.DisallowedHost: Invalid HTTP_HOST header: '127.0.0.1:8000'. You may need to add '127.0.0.1' to ALLOWED_HOSTS.
Invalid HTTP_HOST header: '127.0.0.1:8000'. You may need to add '127.0.0.1' to ALLOWED_HOSTS.
Traceback (most recent call last):
  File "/home/olrio/Open Classrooms/Projets_DAP/P12_RIO_Olivier/P12/env/lib/python3.10/site-packages/django/core/handlers/exception.py", line 55, in inner
    response = get_response(request)
  File "/home/olrio/Open Classrooms/Projets_DAP/P12_RIO_Olivier/P12/env/lib/python3.10/site-packages/django/utils/deprecation.py", line 135, in __call__
    response = self.process_request(request)
  File "/home/olrio/Open Classrooms/Projets_DAP/P12_RIO_Olivier/P12/env/lib/python3.10/site-packages/django/middleware/common.py", line 48, in process_request
    host = request.get_host()
  File "/home/olrio/Open Classrooms/Projets_DAP/P12_RIO_Olivier/P12/env/lib/python3.10/site-packages/django/http/request.py", line 148, in get_host
    raise DisallowedHost(msg)
django.core.exceptions.DisallowedHost: Invalid HTTP_HOST header: '127.0.0.1:8000'. You may need to add '127.0.0.1' to ALLOWED_HOSTS.
Internal Server Error: /admin/CRM/event/97/change/
Traceback (most recent call last):
  File "/home/olrio/Open Classrooms/Projets_DAP/P12_RIO_Olivier/P12/env/lib/python3.10/site-packages/django/contrib/admin/options.py", line 807, in get_form
    return modelform_factory(self.model, **defaults)
  File "/home/olrio/Open Classrooms/Projets_DAP/P12_RIO_Olivier/P12/env/lib/python3.10/site-packages/django/forms/models.py", line 648, in modelform_factory
    return type(form)(class_name, (form,), form_class_attrs)
  File "/home/olrio/Open Classrooms/Projets_DAP/P12_RIO_Olivier/P12/env/lib/python3.10/site-packages/django/forms/models.py", line 327, in __new__
    raise FieldError(message)
django.core.exceptions.FieldError: Unknown field(s) (nam) specified for Event

During handling of the above exception, another exception occurred:

Traceback (most recent call last):
  File "/home/olrio/Open Classrooms/Projets_DAP/P12_RIO_Olivier/P12/env/lib/python3.10/site-packages/django/core/handlers/exception.py", line 55, in inner
    response = get_response(request)
  File "/home/olrio/Open Classrooms/Projets_DAP/P12_RIO_Olivier/P12/env/lib/python3.10/site-packages/django/core/handlers/base.py", line 197, in _get_response
    response = wrapped_callback(request, *callback_args, **callback_kwargs)
  File "/home/olrio/Open Classrooms/Projets_DAP/P12_RIO_Olivier/P12/env/lib/python3.10/site-packages/django/contrib/admin/options.py", line 686, in wrapper
    return self.admin_site.admin_view(view)(*args, **kwargs)
  File "/home/olrio/Open Classrooms/Projets_DAP/P12_RIO_Olivier/P12/env/lib/python3.10/site-packages/django/utils/decorators.py", line 133, in _wrapped_view
    response = view_func(request, *args, **kwargs)
  File "/home/olrio/Open Classrooms/Projets_DAP/P12_RIO_Olivier/P12/env/lib/python3.10/site-packages/django/views/decorators/cache.py", line 62, in _wrapped_view_func
    response = view_func(request, *args, **kwargs)
  File "/home/olrio/Open Classrooms/Projets_DAP/P12_RIO_Olivier/P12/env/lib/python3.10/site-packages/django/contrib/admin/sites.py", line 242, in inner
    return view(request, *args, **kwargs)
  File "/home/olrio/Open Classrooms/Projets_DAP/P12_RIO_Olivier/P12/env/lib/python3.10/site-packages/django/contrib/admin/options.py", line 1893, in change_view
    return self.changeform_view(request, object_id, form_url, extra_context)
  File "/home/olrio/Open Classrooms/Projets_DAP/P12_RIO_Olivier/P12/env/lib/python3.10/site-packages/django/utils/decorators.py", line 46, in _wrapper
    return bound_method(*args, **kwargs)
  File "/home/olrio/Open Classrooms/Projets_DAP/P12_RIO_Olivier/P12/env/lib/python3.10/site-packages/django/utils/decorators.py", line 133, in _wrapped_view
    response = view_func(request, *args, **kwargs)
  File "/home/olrio/Open Classrooms/Projets_DAP/P12_RIO_Olivier/P12/env/lib/python3.10/site-packages/django/contrib/admin/options.py", line 1750, in changeform_view
    return self._changeform_view(request, object_id, form_url, extra_context)
  File "/home/olrio/Open Classrooms/Projets_DAP/P12_RIO_Olivier/P12/env/lib/python3.10/site-packages/django/contrib/admin/options.py", line 1786, in _changeform_view
    ModelForm = self.get_form(
  File "/home/olrio/Open Classrooms/Projets_DAP/P12_RIO_Olivier/P12/EpicEvent/authentication/admin.py", line 380, in get_form
    return super(EventAdmin, self).get_form(request, **kwargs)
  File "/home/olrio/Open Classrooms/Projets_DAP/P12_RIO_Olivier/P12/env/lib/python3.10/site-packages/django/contrib/admin/options.py", line 809, in get_form
    raise FieldError(
django.core.exceptions.FieldError: Unknown field(s) (nam) specified for Event. Check fields/fieldsets/exclude attributes of class EventAdmin.
"GET /admin/CRM/event/97/change/ HTTP/1.1" 500 145
[2023/Jan/29 21:13:17 Internal Server Error: /admin/CRM/event/97/change/
Traceback (most recent call last):
  File "/home/olrio/Open Classrooms/Projets_DAP/P12_RIO_Olivier/P12/env/lib/python3.10/site-packages/django/contrib/admin/options.py", line 807, in get_form
    return modelform_factory(self.model, **defaults)
  File "/home/olrio/Open Classrooms/Projets_DAP/P12_RIO_Olivier/P12/env/lib/python3.10/site-packages/django/forms/models.py", line 648, in modelform_factory
    return type(form)(class_name, (form,), form_class_attrs)
  File "/home/olrio/Open Classrooms/Projets_DAP/P12_RIO_Olivier/P12/env/lib/python3.10/site-packages/django/forms/models.py", line 327, in __new__
    raise FieldError(message)
django.core.exceptions.FieldError: Unknown field(s) (nam) specified for Event

During handling of the above exception, another exception occurred:

Traceback (most recent call last):
  File "/home/olrio/Open Classrooms/Projets_DAP/P12_RIO_Olivier/P12/env/lib/python3.10/site-packages/django/core/handlers/exception.py", line 55, in inner
    response = get_response(request)
  File "/home/olrio/Open Classrooms/Projets_DAP/P12_RIO_Olivier/P12/env/lib/python3.10/site-packages/django/core/handlers/base.py", line 197, in _get_response
    response = wrapped_callback(request, *callback_args, **callback_kwargs)
  File "/home/olrio/Open Classrooms/Projets_DAP/P12_RIO_Olivier/P12/env/lib/python3.10/site-packages/django/contrib/admin/options.py", line 686, in wrapper
    return self.admin_site.admin_view(view)(*args, **kwargs)
  File "/home/olrio/Open Classrooms/Projets_DAP/P12_RIO_Olivier/P12/env/lib/python3.10/site-packages/django/utils/decorators.py", line 133, in _wrapped_view
    response = view_func(request, *args, **kwargs)
  File "/home/olrio/Open Classrooms/Projets_DAP/P12_RIO_Olivier/P12/env/lib/python3.10/site-packages/django/views/decorators/cache.py", line 62, in _wrapped_view_func
    response = view_func(request, *args, **kwargs)
  File "/home/olrio/Open Classrooms/Projets_DAP/P12_RIO_Olivier/P12/env/lib/python3.10/site-packages/django/contrib/admin/sites.py", line 242, in inner
    return view(request, *args, **kwargs)
  File "/home/olrio/Open Classrooms/Projets_DAP/P12_RIO_Olivier/P12/env/lib/python3.10/site-packages/django/contrib/admin/options.py", line 1893, in change_view
    return self.changeform_view(request, object_id, form_url, extra_context)
  File "/home/olrio/Open Classrooms/Projets_DAP/P12_RIO_Olivier/P12/env/lib/python3.10/site-packages/django/utils/decorators.py", line 46, in _wrapper
    return bound_method(*args, **kwargs)
  File "/home/olrio/Open Classrooms/Projets_DAP/P12_RIO_Olivier/P12/env/lib/python3.10/site-packages/django/utils/decorators.py", line 133, in _wrapped_view
    response = view_func(request, *args, **kwargs)
  File "/home/olrio/Open Classrooms/Projets_DAP/P12_RIO_Olivier/P12/env/lib/python3.10/site-packages/django/contrib/admin/options.py", line 1750, in changeform_view
    return self._changeform_view(request, object_id, form_url, extra_context)
  File "/home/olrio/Open Classrooms/Projets_DAP/P12_RIO_Olivier/P12/env/lib/python3.10/site-packages/django/contrib/admin/options.py", line 1786, in _changeform_view
    ModelForm = self.get_form(
  File "/home/olrio/Open Classrooms/Projets_DAP/P12_RIO_Olivier/P12/EpicEvent/authentication/admin.py", line 380, in get_form
    return super(EventAdmin, self).get_form(request, **kwargs)
  File "/home/olrio/Open Classrooms/Projets_DAP/P12_RIO_Olivier/P12/env/lib/python3.10/site-packages/django/contrib/admin/options.py", line 809, in get_form
    raise FieldError(
django.core.exceptions.FieldError: Unknown field(s) (nam) specified for Event. Check fields/fieldsets/exclude attributes of class EventAdmin.
[2023/Jan/29 21:13:17 "GET /admin/CRM/event/97/change/ HTTP/1.1" 500 145
[2023/Jan/29 21:14:21 Internal Server Error: /admin/CRM/event/97/change/
Traceback (most recent call last):
  File "/home/olrio/Open Classrooms/Projets_DAP/P12_RIO_Olivier/P12/env/lib/python3.10/site-packages/django/contrib/admin/options.py", line 807, in get_form
    return modelform_factory(self.model, **defaults)
  File "/home/olrio/Open Classrooms/Projets_DAP/P12_RIO_Olivier/P12/env/lib/python3.10/site-packages/django/forms/models.py", line 648, in modelform_factory
    return type(form)(class_name, (form,), form_class_attrs)
  File "/home/olrio/Open Classrooms/Projets_DAP/P12_RIO_Olivier/P12/env/lib/python3.10/site-packages/django/forms/models.py", line 327, in __new__
    raise FieldError(message)
django.core.exceptions.FieldError: Unknown field(s) (nam) specified for Event

During handling of the above exception, another exception occurred:

Traceback (most recent call last):
  File "/home/olrio/Open Classrooms/Projets_DAP/P12_RIO_Olivier/P12/env/lib/python3.10/site-packages/django/core/handlers/exception.py", line 55, in inner
    response = get_response(request)
  File "/home/olrio/Open Classrooms/Projets_DAP/P12_RIO_Olivier/P12/env/lib/python3.10/site-packages/django/core/handlers/base.py", line 197, in _get_response
    response = wrapped_callback(request, *callback_args, **callback_kwargs)
  File "/home/olrio/Open Classrooms/Projets_DAP/P12_RIO_Olivier/P12/env/lib/python3.10/site-packages/django/contrib/admin/options.py", line 686, in wrapper
    return self.admin_site.admin_view(view)(*args, **kwargs)
  File "/home/olrio/Open Classrooms/Projets_DAP/P12_RIO_Olivier/P12/env/lib/python3.10/site-packages/django/utils/decorators.py", line 133, in _wrapped_view
    response = view_func(request, *args, **kwargs)
  File "/home/olrio/Open Classrooms/Projets_DAP/P12_RIO_Olivier/P12/env/lib/python3.10/site-packages/django/views/decorators/cache.py", line 62, in _wrapped_view_func
    response = view_func(request, *args, **kwargs)
  File "/home/olrio/Open Classrooms/Projets_DAP/P12_RIO_Olivier/P12/env/lib/python3.10/site-packages/django/contrib/admin/sites.py", line 242, in inner
    return view(request, *args, **kwargs)
  File "/home/olrio/Open Classrooms/Projets_DAP/P12_RIO_Olivier/P12/env/lib/python3.10/site-packages/django/contrib/admin/options.py", line 1893, in change_view
    return self.changeform_view(request, object_id, form_url, extra_context)
  File "/home/olrio/Open Classrooms/Projets_DAP/P12_RIO_Olivier/P12/env/lib/python3.10/site-packages/django/utils/decorators.py", line 46, in _wrapper
    return bound_method(*args, **kwargs)
  File "/home/olrio/Open Classrooms/Projets_DAP/P12_RIO_Olivier/P12/env/lib/python3.10/site-packages/django/utils/decorators.py", line 133, in _wrapped_view
    response = view_func(request, *args, **kwargs)
  File "/home/olrio/Open Classrooms/Projets_DAP/P12_RIO_Olivier/P12/env/lib/python3.10/site-packages/django/contrib/admin/options.py", line 1750, in changeform_view
    return self._changeform_view(request, object_id, form_url, extra_context)
  File "/home/olrio/Open Classrooms/Projets_DAP/P12_RIO_Olivier/P12/env/lib/python3.10/site-packages/django/contrib/admin/options.py", line 1786, in _changeform_view
    ModelForm = self.get_form(
  File "/home/olrio/Open Classrooms/Projets_DAP/P12_RIO_Olivier/P12/EpicEvent/authentication/admin.py", line 380, in get_form
    return super(EventAdmin, self).get_form(request, **kwargs)
  File "/home/olrio/Open Classrooms/Projets_DAP/P12_RIO_Olivier/P12/env/lib/python3.10/site-packages/django/contrib/admin/options.py", line 809, in get_form
    raise FieldError(
django.core.exceptions.FieldError: Unknown field(s) (nam) specified for Event. Check fields/fieldsets/exclude attributes of class EventAdmin.
[2023/Jan/29 21:14:21 "GET /admin/CRM/event/97/change/ HTTP/1.1" 500 145
[2023/01/29 21:14:34 Internal Server Error: /admin/CRM/event/97/change/
Traceback (most recent call last):
  File "/home/olrio/Open Classrooms/Projets_DAP/P12_RIO_Olivier/P12/env/lib/python3.10/site-packages/django/contrib/admin/options.py", line 807, in get_form
    return modelform_factory(self.model, **defaults)
  File "/home/olrio/Open Classrooms/Projets_DAP/P12_RIO_Olivier/P12/env/lib/python3.10/site-packages/django/forms/models.py", line 648, in modelform_factory
    return type(form)(class_name, (form,), form_class_attrs)
  File "/home/olrio/Open Classrooms/Projets_DAP/P12_RIO_Olivier/P12/env/lib/python3.10/site-packages/django/forms/models.py", line 327, in __new__
    raise FieldError(message)
django.core.exceptions.FieldError: Unknown field(s) (nam) specified for Event

During handling of the above exception, another exception occurred:

Traceback (most recent call last):
  File "/home/olrio/Open Classrooms/Projets_DAP/P12_RIO_Olivier/P12/env/lib/python3.10/site-packages/django/core/handlers/exception.py", line 55, in inner
    response = get_response(request)
  File "/home/olrio/Open Classrooms/Projets_DAP/P12_RIO_Olivier/P12/env/lib/python3.10/site-packages/django/core/handlers/base.py", line 197, in _get_response
    response = wrapped_callback(request, *callback_args, **callback_kwargs)
  File "/home/olrio/Open Classrooms/Projets_DAP/P12_RIO_Olivier/P12/env/lib/python3.10/site-packages/django/contrib/admin/options.py", line 686, in wrapper
    return self.admin_site.admin_view(view)(*args, **kwargs)
  File "/home/olrio/Open Classrooms/Projets_DAP/P12_RIO_Olivier/P12/env/lib/python3.10/site-packages/django/utils/decorators.py", line 133, in _wrapped_view
    response = view_func(request, *args, **kwargs)
  File "/home/olrio/Open Classrooms/Projets_DAP/P12_RIO_Olivier/P12/env/lib/python3.10/site-packages/django/views/decorators/cache.py", line 62, in _wrapped_view_func
    response = view_func(request, *args, **kwargs)
  File "/home/olrio/Open Classrooms/Projets_DAP/P12_RIO_Olivier/P12/env/lib/python3.10/site-packages/django/contrib/admin/sites.py", line 242, in inner
    return view(request, *args, **kwargs)
  File "/home/olrio/Open Classrooms/Projets_DAP/P12_RIO_Olivier/P12/env/lib/python3.10/site-packages/django/contrib/admin/options.py", line 1893, in change_view
    return self.changeform_view(request, object_id, form_url, extra_context)
  File "/home/olrio/Open Classrooms/Projets_DAP/P12_RIO_Olivier/P12/env/lib/python3.10/site-packages/django/utils/decorators.py", line 46, in _wrapper
    return bound_method(*args, **kwargs)
  File "/home/olrio/Open Classrooms/Projets_DAP/P12_RIO_Olivier/P12/env/lib/python3.10/site-packages/django/utils/decorators.py", line 133, in _wrapped_view
    response = view_func(request, *args, **kwargs)
  File "/home/olrio/Open Classrooms/Projets_DAP/P12_RIO_Olivier/P12/env/lib/python3.10/site-packages/django/contrib/admin/options.py", line 1750, in changeform_view
    return self._changeform_view(request, object_id, form_url, extra_context)
  File "/home/olrio/Open Classrooms/Projets_DAP/P12_RIO_Olivier/P12/env/lib/python3.10/site-packages/django/contrib/admin/options.py", line 1786, in _changeform_view
    ModelForm = self.get_form(
  File "/home/olrio/Open Classrooms/Projets_DAP/P12_RIO_Olivier/P12/EpicEvent/authentication/admin.py", line 380, in get_form
    return super(EventAdmin, self).get_form(request, **kwargs)
  File "/home/olrio/Open Classrooms/Projets_DAP/P12_RIO_Olivier/P12/env/lib/python3.10/site-packages/django/contrib/admin/options.py", line 809, in get_form
    raise FieldError(
django.core.exceptions.FieldError: Unknown field(s) (nam) specified for Event. Check fields/fieldsets/exclude attributes of class EventAdmin.
[2023/01/29 21:14:34 "GET /admin/CRM/event/97/change/ HTTP/1.1" 500 145
[2023/01/29 21:15:51] ERROR Internal Server Error: /admin/CRM/event/97/change/
Traceback (most recent call last):
  File "/home/olrio/Open Classrooms/Projets_DAP/P12_RIO_Olivier/P12/env/lib/python3.10/site-packages/django/contrib/admin/options.py", line 807, in get_form
    return modelform_factory(self.model, **defaults)
  File "/home/olrio/Open Classrooms/Projets_DAP/P12_RIO_Olivier/P12/env/lib/python3.10/site-packages/django/forms/models.py", line 648, in modelform_factory
    return type(form)(class_name, (form,), form_class_attrs)
  File "/home/olrio/Open Classrooms/Projets_DAP/P12_RIO_Olivier/P12/env/lib/python3.10/site-packages/django/forms/models.py", line 327, in __new__
    raise FieldError(message)
django.core.exceptions.FieldError: Unknown field(s) (nam) specified for Event

During handling of the above exception, another exception occurred:

Traceback (most recent call last):
  File "/home/olrio/Open Classrooms/Projets_DAP/P12_RIO_Olivier/P12/env/lib/python3.10/site-packages/django/core/handlers/exception.py", line 55, in inner
    response = get_response(request)
  File "/home/olrio/Open Classrooms/Projets_DAP/P12_RIO_Olivier/P12/env/lib/python3.10/site-packages/django/core/handlers/base.py", line 197, in _get_response
    response = wrapped_callback(request, *callback_args, **callback_kwargs)
  File "/home/olrio/Open Classrooms/Projets_DAP/P12_RIO_Olivier/P12/env/lib/python3.10/site-packages/django/contrib/admin/options.py", line 686, in wrapper
    return self.admin_site.admin_view(view)(*args, **kwargs)
  File "/home/olrio/Open Classrooms/Projets_DAP/P12_RIO_Olivier/P12/env/lib/python3.10/site-packages/django/utils/decorators.py", line 133, in _wrapped_view
    response = view_func(request, *args, **kwargs)
  File "/home/olrio/Open Classrooms/Projets_DAP/P12_RIO_Olivier/P12/env/lib/python3.10/site-packages/django/views/decorators/cache.py", line 62, in _wrapped_view_func
    response = view_func(request, *args, **kwargs)
  File "/home/olrio/Open Classrooms/Projets_DAP/P12_RIO_Olivier/P12/env/lib/python3.10/site-packages/django/contrib/admin/sites.py", line 242, in inner
    return view(request, *args, **kwargs)
  File "/home/olrio/Open Classrooms/Projets_DAP/P12_RIO_Olivier/P12/env/lib/python3.10/site-packages/django/contrib/admin/options.py", line 1893, in change_view
    return self.changeform_view(request, object_id, form_url, extra_context)
  File "/home/olrio/Open Classrooms/Projets_DAP/P12_RIO_Olivier/P12/env/lib/python3.10/site-packages/django/utils/decorators.py", line 46, in _wrapper
    return bound_method(*args, **kwargs)
  File "/home/olrio/Open Classrooms/Projets_DAP/P12_RIO_Olivier/P12/env/lib/python3.10/site-packages/django/utils/decorators.py", line 133, in _wrapped_view
    response = view_func(request, *args, **kwargs)
  File "/home/olrio/Open Classrooms/Projets_DAP/P12_RIO_Olivier/P12/env/lib/python3.10/site-packages/django/contrib/admin/options.py", line 1750, in changeform_view
    return self._changeform_view(request, object_id, form_url, extra_context)
  File "/home/olrio/Open Classrooms/Projets_DAP/P12_RIO_Olivier/P12/env/lib/python3.10/site-packages/django/contrib/admin/options.py", line 1786, in _changeform_view
    ModelForm = self.get_form(
  File "/home/olrio/Open Classrooms/Projets_DAP/P12_RIO_Olivier/P12/EpicEvent/authentication/admin.py", line 380, in get_form
    return super(EventAdmin, self).get_form(request, **kwargs)
  File "/home/olrio/Open Classrooms/Projets_DAP/P12_RIO_Olivier/P12/env/lib/python3.10/site-packages/django/contrib/admin/options.py", line 809, in get_form
    raise FieldError(
django.core.exceptions.FieldError: Unknown field(s) (nam) specified for Event. Check fields/fieldsets/exclude attributes of class EventAdmin.
[2023/01/29 21:15:51] ERROR "GET /admin/CRM/event/97/change/ HTTP/1.1" 500 145
